Arguments: 
  C:\Program Files\nodejs\node.exe C:\Program Files (x86)\Yarn\bin\yarn.js add lodash

PATH: 
  C:\Python27\;C:\Python27\Scripts;C:\Windows\system32;C:\Windows;C:\Windows\System32\Wbem;C:\Windows\System32\WindowsPowerShell\v1.0\;C:\Program Files (x86)\NVIDIA Corporation\PhysX\Common;C:\Program Files\Git\cmd;C:\Program Files\nodejs\;C:\xampp\php;C:\ProgramData\ComposerSetup\bin;C:\Program Files (x86)\Yarn\bin;C:\Users\halo-ewhfghuewkfbew\AppData\Roaming\npm;C:\Users\halo-ewhfghuewkfbew\AppData\Roaming\Composer\vendor\bin;C:\Users\halo-ewhfghuewkfbew\AppData\Local\Yarn\.bin

Yarn version: 
  0.22.0

Node version: 
  7.7.1

Platform: 
  win32 x64

npm manifest: 
  {
    "name": "myexample",
    "version": "1.0.0",
    "description": "",
    "main": "index.js",
    "scripts": {
      "test": "echo \"Error: no test specified\" && exit 1"
    },
    "repository": {
      "type": "git",
      "url": "git+https://github.com/Ashley2014/myexample.git"
    },
    "author": "",
    "license": "ISC",
    "bugs": {
      "url": "https://github.com/Ashley2014/myexample/issues"
    },
    "homepage": "https://github.com/Ashley2014/myexample#readme",
    "devDependencies": {
      "jquery": "^3.2.1"
    }
  }

yarn manifest: 
  No manifest

Lockfile: 
  No lockfile

Trace: 
  Error: getaddrinfo ENOENT registry.yarnpkg.com:443
      at Object.exports._errnoException (util.js:1029:11)
      at errnoException (dns.js:33:15)
      at GetAddrInfoReqWrap.onlookup [as oncomplete] (dns.js:73:26)
